[0.138s] DEBUG:colcon:Command line arguments: ['/usr/bin/colcon', 'build']
[0.138s] DEBUG:colcon:Parsed command line arguments: Namespace(log_base=None, log_level=None, verb_name='build', build_base='build', install_base='install', merge_install=False, symlink_install=False, test_result_base=None, continue_on_error=False, executor='parallel', parallel_workers=8, event_handlers=None, ignore_user_meta=False, metas=['./colcon.meta'], base_paths=['.'], packages_ignore=None, packages_ignore_regex=None, paths=None, packages_up_to=None, packages_up_to_regex=None, packages_above=None, packages_above_and_dependencies=None, packages_above_depth=None, packages_select_by_dep=None, packages_skip_by_dep=None, packages_skip_up_to=None, packages_select_build_failed=False, packages_skip_build_finished=False, packages_select_test_failures=False, packages_skip_test_passed=False, packages_select=None, packages_skip=None, packages_select_regex=None, packages_skip_regex=None, packages_start=None, packages_end=None, allow_overriding=[], cmake_args=None, cmake_target=None, cmake_target_skip_unavailable=False, cmake_clean_cache=False, cmake_clean_first=False, cmake_force_configure=False, ament_cmake_args=None, catkin_cmake_args=None, catkin_skip_building_tests=False, mixin_files=None, mixin=None, verb_parser=<colcon_mixin.mixin.mixin_argument.MixinArgumentDecorator object at 0x7123bb4a4b60>, verb_extension=<colcon_core.verb.build.BuildVerb object at 0x7123bb4a4aa0>, main=<bound method BuildVerb.main of <colcon_core.verb.build.BuildVerb object at 0x7123bb4a4aa0>>, mixin_verb=('build',))
[0.187s] Level 1:colcon.colcon_core.package_discovery:discover_packages(colcon_meta) check parameters
[0.187s] Level 1:colcon.colcon_core.package_discovery:discover_packages(recursive) check parameters
[0.187s] Level 1:colcon.colcon_core.package_discovery:discover_packages(ignore) check parameters
[0.187s] Level 1:colcon.colcon_core.package_discovery:discover_packages(path) check parameters
[0.187s] Level 1:colcon.colcon_core.package_discovery:discover_packages(colcon_meta) discover
[0.187s] Level 1:colcon.colcon_core.package_discovery:discover_packages(recursive) discover
[0.188s] INFO:colcon.colcon_core.package_discovery:Crawling recursively for packages in '/home/aryan/ros2_ws'
[0.188s] Level 1:colcon.colcon_core.package_identification:_identify(.) by extensions ['ignore', 'ignore_ament_install']
[0.188s] Level 1:colcon.colcon_core.package_identification:_identify(.) by extension 'ignore'
[0.188s] Level 1:colcon.colcon_core.package_identification:_identify(.) by extension 'ignore_ament_install'
[0.188s] Level 1:colcon.colcon_core.package_identification:_identify(.) by extensions ['colcon_pkg']
[0.188s] Level 1:colcon.colcon_core.package_identification:_identify(.) by extension 'colcon_pkg'
[0.188s] Level 1:colcon.colcon_core.package_identification:_identify(.) by extensions ['colcon_meta']
[0.188s] Level 1:colcon.colcon_core.package_identification:_identify(.) by extension 'colcon_meta'
[0.188s] Level 1:colcon.colcon_core.package_identification:_identify(.) by extensions ['ros']
[0.188s] Level 1:colcon.colcon_core.package_identification:_identify(.) by extension 'ros'
[0.220s] Level 1:colcon.colcon_core.package_identification:_identify(.) by extensions ['cmake', 'python']
[0.220s] Level 1:colcon.colcon_core.package_identification:_identify(.) by extension 'cmake'
[0.220s] Level 1:colcon.colcon_core.package_identification:_identify(.) by extension 'python'
[0.221s] Level 1:colcon.colcon_core.package_identification:_identify(.) by extensions ['python_setup_py']
[0.221s] Level 1:colcon.colcon_core.package_identification:_identify(.) by extension 'python_setup_py'
[0.221s] Level 1:colcon.colcon_core.package_identification:_identify(build) by extensions ['ignore', 'ignore_ament_install']
[0.221s] Level 1:colcon.colcon_core.package_identification:_identify(build) by extension 'ignore'
[0.221s] Level 1:colcon.colcon_core.package_identification:_identify(build) ignored
[0.221s] Level 1:colcon.colcon_core.package_identification:_identify(install) by extensions ['ignore', 'ignore_ament_install']
[0.221s] Level 1:colcon.colcon_core.package_identification:_identify(install) by extension 'ignore'
[0.221s] Level 1:colcon.colcon_core.package_identification:_identify(install) ignored
[0.221s] Level 1:colcon.colcon_core.package_identification:_identify(log) by extensions ['ignore', 'ignore_ament_install']
[0.222s] Level 1:colcon.colcon_core.package_identification:_identify(log) by extension 'ignore'
[0.222s] Level 1:colcon.colcon_core.package_identification:_identify(log) ignored
[0.222s] Level 1:colcon.colcon_core.package_identification:_identify(src) by extensions ['ignore', 'ignore_ament_install']
[0.222s] Level 1:colcon.colcon_core.package_identification:_identify(src) by extension 'ignore'
[0.222s] Level 1:colcon.colcon_core.package_identification:_identify(src) by extension 'ignore_ament_install'
[0.222s] Level 1:colcon.colcon_core.package_identification:_identify(src) by extensions ['colcon_pkg']
[0.222s] Level 1:colcon.colcon_core.package_identification:_identify(src) by extension 'colcon_pkg'
[0.222s] Level 1:colcon.colcon_core.package_identification:_identify(src) by extensions ['colcon_meta']
[0.222s] Level 1:colcon.colcon_core.package_identification:_identify(src) by extension 'colcon_meta'
[0.222s] Level 1:colcon.colcon_core.package_identification:_identify(src) by extensions ['ros']
[0.222s] Level 1:colcon.colcon_core.package_identification:_identify(src) by extension 'ros'
[0.222s] Level 1:colcon.colcon_core.package_identification:_identify(src) by extensions ['cmake', 'python']
[0.222s] Level 1:colcon.colcon_core.package_identification:_identify(src) by extension 'cmake'
[0.222s] Level 1:colcon.colcon_core.package_identification:_identify(src) by extension 'python'
[0.222s] Level 1:colcon.colcon_core.package_identification:_identify(src) by extensions ['python_setup_py']
[0.222s] Level 1:colcon.colcon_core.package_identification:_identify(src) by extension 'python_setup_py'
[0.223s] Level 1:colcon.colcon_core.package_identification:_identify(src/ed) by extensions ['ignore', 'ignore_ament_install']
[0.223s] Level 1:colcon.colcon_core.package_identification:_identify(src/ed) by extension 'ignore'
[0.223s] Level 1:colcon.colcon_core.package_identification:_identify(src/ed) by extension 'ignore_ament_install'
[0.223s] Level 1:colcon.colcon_core.package_identification:_identify(src/ed) by extensions ['colcon_pkg']
[0.223s] Level 1:colcon.colcon_core.package_identification:_identify(src/ed) by extension 'colcon_pkg'
[0.223s] Level 1:colcon.colcon_core.package_identification:_identify(src/ed) by extensions ['colcon_meta']
[0.223s] Level 1:colcon.colcon_core.package_identification:_identify(src/ed) by extension 'colcon_meta'
[0.223s] Level 1:colcon.colcon_core.package_identification:_identify(src/ed) by extensions ['ros']
[0.223s] Level 1:colcon.colcon_core.package_identification:_identify(src/ed) by extension 'ros'
[0.226s] DEBUG:colcon.colcon_core.package_identification:Package 'src/ed' with type 'ros.ament_python' and name 'ed'
[0.226s] Level 1:colcon.colcon_core.package_identification:_identify(src/my_robot_controller) by extensions ['ignore', 'ignore_ament_install']
[0.226s] Level 1:colcon.colcon_core.package_identification:_identify(src/my_robot_controller) by extension 'ignore'
[0.226s] Level 1:colcon.colcon_core.package_identification:_identify(src/my_robot_controller) by extension 'ignore_ament_install'
[0.226s] Level 1:colcon.colcon_core.package_identification:_identify(src/my_robot_controller) by extensions ['colcon_pkg']
[0.226s] Level 1:colcon.colcon_core.package_identification:_identify(src/my_robot_controller) by extension 'colcon_pkg'
[0.226s] Level 1:colcon.colcon_core.package_identification:_identify(src/my_robot_controller) by extensions ['colcon_meta']
[0.226s] Level 1:colcon.colcon_core.package_identification:_identify(src/my_robot_controller) by extension 'colcon_meta'
[0.226s] Level 1:colcon.colcon_core.package_identification:_identify(src/my_robot_controller) by extensions ['ros']
[0.226s] Level 1:colcon.colcon_core.package_identification:_identify(src/my_robot_controller) by extension 'ros'
[0.227s] DEBUG:colcon.colcon_core.package_identification:Package 'src/my_robot_controller' with type 'ros.ament_python' and name 'my_robot_controller'
[0.227s] Level 1:colcon.colcon_core.package_discovery:discover_packages(recursive) using defaults
[0.227s] Level 1:colcon.colcon_core.package_discovery:discover_packages(ignore) discover
[0.227s] Level 1:colcon.colcon_core.package_discovery:discover_packages(ignore) using defaults
[0.227s] Level 1:colcon.colcon_core.package_discovery:discover_packages(path) discover
[0.227s] Level 1:colcon.colcon_core.package_discovery:discover_packages(path) using defaults
[0.249s] Level 1:colcon.colcon_core.package_discovery:discover_packages(prefix_path) check parameters
[0.249s] Level 1:colcon.colcon_core.package_discovery:discover_packages(prefix_path) discover
[0.251s] DEBUG:colcon.colcon_installed_package_information.package_discovery:Found 1 installed packages in /home/aryan/ros2_ws/install
[0.253s] DEBUG:colcon.colcon_installed_package_information.package_discovery:Found 366 installed packages in /opt/ros/jazzy
[0.255s] Level 1:colcon.colcon_core.package_discovery:discover_packages(prefix_path) using defaults
[0.321s] Level 5:colcon.colcon_core.verb:set package 'ed' build argument 'cmake_args' from command line to 'None'
[0.321s] Level 5:colcon.colcon_core.verb:set package 'ed' build argument 'cmake_target' from command line to 'None'
[0.321s] Level 5:colcon.colcon_core.verb:set package 'ed' build argument 'cmake_target_skip_unavailable' from command line to 'False'
[0.321s] Level 5:colcon.colcon_core.verb:set package 'ed' build argument 'cmake_clean_cache' from command line to 'False'
[0.321s] Level 5:colcon.colcon_core.verb:set package 'ed' build argument 'cmake_clean_first' from command line to 'False'
[0.321s] Level 5:colcon.colcon_core.verb:set package 'ed' build argument 'cmake_force_configure' from command line to 'False'
[0.321s] Level 5:colcon.colcon_core.verb:set package 'ed' build argument 'ament_cmake_args' from command line to 'None'
[0.321s] Level 5:colcon.colcon_core.verb:set package 'ed' build argument 'catkin_cmake_args' from command line to 'None'
[0.321s] Level 5:colcon.colcon_core.verb:set package 'ed' build argument 'catkin_skip_building_tests' from command line to 'False'
[0.321s] DEBUG:colcon.colcon_core.verb:Building package 'ed' with the following arguments: {'ament_cmake_args': None, 'build_base': '/home/aryan/ros2_ws/build/ed', 'catkin_cmake_args': None, 'catkin_skip_building_tests': False, 'cmake_args': None, 'cmake_clean_cache': False, 'cmake_clean_first': False, 'cmake_force_configure': False, 'cmake_target': None, 'cmake_target_skip_unavailable': False, 'install_base': '/home/aryan/ros2_ws/install/ed', 'merge_install': False, 'path': '/home/aryan/ros2_ws/src/ed', 'symlink_install': False, 'test_result_base': None}
[0.321s] Level 5:colcon.colcon_core.verb:set package 'my_robot_controller' build argument 'cmake_args' from command line to 'None'
[0.321s] Level 5:colcon.colcon_core.verb:set package 'my_robot_controller' build argument 'cmake_target' from command line to 'None'
[0.321s] Level 5:colcon.colcon_core.verb:set package 'my_robot_controller' build argument 'cmake_target_skip_unavailable' from command line to 'False'
[0.322s] Level 5:colcon.colcon_core.verb:set package 'my_robot_controller' build argument 'cmake_clean_cache' from command line to 'False'
[0.322s] Level 5:colcon.colcon_core.verb:set package 'my_robot_controller' build argument 'cmake_clean_first' from command line to 'False'
[0.322s] Level 5:colcon.colcon_core.verb:set package 'my_robot_controller' build argument 'cmake_force_configure' from command line to 'False'
[0.322s] Level 5:colcon.colcon_core.verb:set package 'my_robot_controller' build argument 'ament_cmake_args' from command line to 'None'
[0.322s] Level 5:colcon.colcon_core.verb:set package 'my_robot_controller' build argument 'catkin_cmake_args' from command line to 'None'
[0.322s] Level 5:colcon.colcon_core.verb:set package 'my_robot_controller' build argument 'catkin_skip_building_tests' from command line to 'False'
[0.322s] DEBUG:colcon.colcon_core.verb:Building package 'my_robot_controller' with the following arguments: {'ament_cmake_args': None, 'build_base': '/home/aryan/ros2_ws/build/my_robot_controller', 'catkin_cmake_args': None, 'catkin_skip_building_tests': False, 'cmake_args': None, 'cmake_clean_cache': False, 'cmake_clean_first': False, 'cmake_force_configure': False, 'cmake_target': None, 'cmake_target_skip_unavailable': False, 'install_base': '/home/aryan/ros2_ws/install/my_robot_controller', 'merge_install': False, 'path': '/home/aryan/ros2_ws/src/my_robot_controller', 'symlink_install': False, 'test_result_base': None}
[0.322s] INFO:colcon.colcon_core.executor:Executing jobs using 'parallel' executor
[0.323s] DEBUG:colcon.colcon_parallel_executor.executor.parallel:run_until_complete
[0.323s] INFO:colcon.colcon_ros.task.ament_python.build:Building ROS package in '/home/aryan/ros2_ws/src/ed' with build type 'ament_python'
[0.323s] Level 1:colcon.colcon_core.shell:create_environment_hook('ed', 'ament_prefix_path')
[0.327s] INFO:colcon.colcon_core.plugin_system:Skipping extension 'colcon_core.shell.bat': Not used on non-Windows systems
[0.328s] INFO:colcon.colcon_core.shell:Creating environment hook '/home/aryan/ros2_ws/install/ed/share/ed/hook/ament_prefix_path.ps1'
[0.329s] INFO:colcon.colcon_core.shell:Creating environment descriptor '/home/aryan/ros2_ws/install/ed/share/ed/hook/ament_prefix_path.dsv'
[0.329s] INFO:colcon.colcon_core.shell:Creating environment hook '/home/aryan/ros2_ws/install/ed/share/ed/hook/ament_prefix_path.sh'
[0.330s] INFO:colcon.colcon_core.shell:Skip shell extension 'powershell' for command environment: Not usable outside of PowerShell
[0.330s] DEBUG:colcon.colcon_core.shell:Skip shell extension 'dsv' for command environment
[0.338s] INFO:colcon.colcon_ros.task.ament_python.build:Building ROS package in '/home/aryan/ros2_ws/src/my_robot_controller' with build type 'ament_python'
[0.338s] Level 1:colcon.colcon_core.shell:create_environment_hook('my_robot_controller', 'ament_prefix_path')
[0.339s] INFO:colcon.colcon_core.shell:Creating environment hook '/home/aryan/ros2_ws/install/my_robot_controller/share/my_robot_controller/hook/ament_prefix_path.ps1'
[0.339s] INFO:colcon.colcon_core.shell:Creating environment descriptor '/home/aryan/ros2_ws/install/my_robot_controller/share/my_robot_controller/hook/ament_prefix_path.dsv'
[0.340s] INFO:colcon.colcon_core.shell:Creating environment hook '/home/aryan/ros2_ws/install/my_robot_controller/share/my_robot_controller/hook/ament_prefix_path.sh'
[0.341s] INFO:colcon.colcon_core.shell:Skip shell extension 'powershell' for command environment: Not usable outside of PowerShell
[0.341s] DEBUG:colcon.colcon_core.shell:Skip shell extension 'dsv' for command environment
[0.620s] INFO:colcon.colcon_core.task.python.build:Building Python package in '/home/aryan/ros2_ws/src/ed'
[0.620s] INFO:colcon.colcon_core.shell:Skip shell extension 'powershell' for command environment: Not usable outside of PowerShell
[0.620s] DEBUG:colcon.colcon_core.shell:Skip shell extension 'dsv' for command environment
[0.915s] INFO:colcon.colcon_core.task.python.build:Building Python package in '/home/aryan/ros2_ws/src/my_robot_controller'
[0.915s] INFO:colcon.colcon_core.shell:Skip shell extension 'powershell' for command environment: Not usable outside of PowerShell
[0.915s] DEBUG:colcon.colcon_core.shell:Skip shell extension 'dsv' for command environment
[1.734s] DEBUG:colcon.colcon_core.event_handler.log_command:Invoking command in '/home/aryan/ros2_ws/src/ed': DEBUGINFOD_URLS=https://debuginfod.ubuntu.com PYTHONPATH=/home/aryan/ros2_ws/build/ed/prefix_override:/usr/lib/python3/dist-packages/colcon_core/task/python/colcon_distutils_commands:/home/aryan/ros2_ws/install/ed/lib/python3.12/site-packages:${PYTHONPATH} /usr/bin/python3 -W ignore:setup.py install is deprecated -W ignore:easy_install command is deprecated setup.py egg_info --egg-base ../../build/ed build --build-base /home/aryan/ros2_ws/build/ed/build install --record /home/aryan/ros2_ws/build/ed/install.log --single-version-externally-managed install_data
[1.811s] DEBUG:colcon.colcon_core.event_handler.log_command:Invoking command in '/home/aryan/ros2_ws/src/my_robot_controller': DEBUGINFOD_URLS=https://debuginfod.ubuntu.com PYTHONPATH=/home/aryan/ros2_ws/build/my_robot_controller/prefix_override:/usr/lib/python3/dist-packages/colcon_core/task/python/colcon_distutils_commands:/home/aryan/ros2_ws/install/my_robot_controller/lib/python3.12/site-packages:${PYTHONPATH} /usr/bin/python3 -W ignore:setup.py install is deprecated -W ignore:easy_install command is deprecated setup.py egg_info --egg-base ../../build/my_robot_controller build --build-base /home/aryan/ros2_ws/build/my_robot_controller/build install --record /home/aryan/ros2_ws/build/my_robot_controller/install.log --single-version-externally-managed install_data
[2.568s] DEBUG:colcon.colcon_core.event_handler.log_command:Invoked command in '/home/aryan/ros2_ws/src/my_robot_controller' returned '0': DEBUGINFOD_URLS=https://debuginfod.ubuntu.com PYTHONPATH=/home/aryan/ros2_ws/build/my_robot_controller/prefix_override:/usr/lib/python3/dist-packages/colcon_core/task/python/colcon_distutils_commands:/home/aryan/ros2_ws/install/my_robot_controller/lib/python3.12/site-packages:${PYTHONPATH} /usr/bin/python3 -W ignore:setup.py install is deprecated -W ignore:easy_install command is deprecated setup.py egg_info --egg-base ../../build/my_robot_controller build --build-base /home/aryan/ros2_ws/build/my_robot_controller/build install --record /home/aryan/ros2_ws/build/my_robot_controller/install.log --single-version-externally-managed install_data
[2.571s] Level 1:colcon.colcon_core.environment:checking '/home/aryan/ros2_ws/install/my_robot_controller' for CMake module files
[2.571s] Level 1:colcon.colcon_core.environment:checking '/home/aryan/ros2_ws/install/my_robot_controller' for CMake config files
[2.572s] Level 1:colcon.colcon_core.environment:checking '/home/aryan/ros2_ws/install/my_robot_controller/lib'
[2.573s] Level 1:colcon.colcon_core.environment:checking '/home/aryan/ros2_ws/install/my_robot_controller/bin'
[2.573s] Level 1:colcon.colcon_core.environment:checking '/home/aryan/ros2_ws/install/my_robot_controller/lib/pkgconfig/my_robot_controller.pc'
[2.573s] Level 1:colcon.colcon_core.environment:checking '/home/aryan/ros2_ws/install/my_robot_controller/lib/python3.12/site-packages'
[2.573s] Level 1:colcon.colcon_core.shell:create_environment_hook('my_robot_controller', 'pythonpath')
[2.574s] INFO:colcon.colcon_core.shell:Creating environment hook '/home/aryan/ros2_ws/install/my_robot_controller/share/my_robot_controller/hook/pythonpath.ps1'
[2.574s] INFO:colcon.colcon_core.shell:Creating environment descriptor '/home/aryan/ros2_ws/install/my_robot_controller/share/my_robot_controller/hook/pythonpath.dsv'
[2.575s] INFO:colcon.colcon_core.shell:Creating environment hook '/home/aryan/ros2_ws/install/my_robot_controller/share/my_robot_controller/hook/pythonpath.sh'
[2.575s] Level 1:colcon.colcon_core.environment:checking '/home/aryan/ros2_ws/install/my_robot_controller/bin'
[2.576s] Level 1:colcon.colcon_core.environment:create_environment_scripts_only(my_robot_controller)
[2.576s] INFO:colcon.colcon_core.shell:Creating package script '/home/aryan/ros2_ws/install/my_robot_controller/share/my_robot_controller/package.ps1'
[2.577s] INFO:colcon.colcon_core.shell:Creating package descriptor '/home/aryan/ros2_ws/install/my_robot_controller/share/my_robot_controller/package.dsv'
[2.578s] INFO:colcon.colcon_core.shell:Creating package script '/home/aryan/ros2_ws/install/my_robot_controller/share/my_robot_controller/package.sh'
[2.578s] INFO:colcon.colcon_core.shell:Creating package script '/home/aryan/ros2_ws/install/my_robot_controller/share/my_robot_controller/package.bash'
[2.579s] INFO:colcon.colcon_core.shell:Creating package script '/home/aryan/ros2_ws/install/my_robot_controller/share/my_robot_controller/package.zsh'
[2.580s] Level 1:colcon.colcon_core.environment:create_file_with_runtime_dependencies(/home/aryan/ros2_ws/install/my_robot_controller/share/colcon-core/packages/my_robot_controller)
[2.613s] Level 1:colcon.colcon_core.environment:checking '/home/aryan/ros2_ws/install/ed' for CMake module files
[2.614s] DEBUG:colcon.colcon_core.event_handler.log_command:Invoked command in '/home/aryan/ros2_ws/src/ed' returned '0': DEBUGINFOD_URLS=https://debuginfod.ubuntu.com PYTHONPATH=/home/aryan/ros2_ws/build/ed/prefix_override:/usr/lib/python3/dist-packages/colcon_core/task/python/colcon_distutils_commands:/home/aryan/ros2_ws/install/ed/lib/python3.12/site-packages:${PYTHONPATH} /usr/bin/python3 -W ignore:setup.py install is deprecated -W ignore:easy_install command is deprecated setup.py egg_info --egg-base ../../build/ed build --build-base /home/aryan/ros2_ws/build/ed/build install --record /home/aryan/ros2_ws/build/ed/install.log --single-version-externally-managed install_data
[2.615s] Level 1:colcon.colcon_core.environment:checking '/home/aryan/ros2_ws/install/ed' for CMake config files
[2.615s] Level 1:colcon.colcon_core.environment:checking '/home/aryan/ros2_ws/install/ed/lib'
[2.616s] Level 1:colcon.colcon_core.environment:checking '/home/aryan/ros2_ws/install/ed/bin'
[2.616s] Level 1:colcon.colcon_core.environment:checking '/home/aryan/ros2_ws/install/ed/lib/pkgconfig/ed.pc'
[2.616s] Level 1:colcon.colcon_core.environment:checking '/home/aryan/ros2_ws/install/ed/lib/python3.12/site-packages'
[2.616s] Level 1:colcon.colcon_core.shell:create_environment_hook('ed', 'pythonpath')
[2.617s] INFO:colcon.colcon_core.shell:Creating environment hook '/home/aryan/ros2_ws/install/ed/share/ed/hook/pythonpath.ps1'
[2.617s] INFO:colcon.colcon_core.shell:Creating environment descriptor '/home/aryan/ros2_ws/install/ed/share/ed/hook/pythonpath.dsv'
[2.618s] INFO:colcon.colcon_core.shell:Creating environment hook '/home/aryan/ros2_ws/install/ed/share/ed/hook/pythonpath.sh'
[2.618s] Level 1:colcon.colcon_core.environment:checking '/home/aryan/ros2_ws/install/ed/bin'
[2.618s] Level 1:colcon.colcon_core.environment:create_environment_scripts_only(ed)
[2.619s] INFO:colcon.colcon_core.shell:Creating package script '/home/aryan/ros2_ws/install/ed/share/ed/package.ps1'
[2.619s] INFO:colcon.colcon_core.shell:Creating package descriptor '/home/aryan/ros2_ws/install/ed/share/ed/package.dsv'
[2.620s] INFO:colcon.colcon_core.shell:Creating package script '/home/aryan/ros2_ws/install/ed/share/ed/package.sh'
[2.620s] INFO:colcon.colcon_core.shell:Creating package script '/home/aryan/ros2_ws/install/ed/share/ed/package.bash'
[2.621s] INFO:colcon.colcon_core.shell:Creating package script '/home/aryan/ros2_ws/install/ed/share/ed/package.zsh'
[2.621s] Level 1:colcon.colcon_core.environment:create_file_with_runtime_dependencies(/home/aryan/ros2_ws/install/ed/share/colcon-core/packages/ed)
[2.622s] DEBUG:colcon.colcon_parallel_executor.executor.parallel:closing loop
[2.623s] DEBUG:colcon.colcon_parallel_executor.executor.parallel:loop closed
[2.623s] DEBUG:colcon.colcon_parallel_executor.executor.parallel:run_until_complete finished with '0'
[2.623s] DEBUG:colcon.colcon_core.event_reactor:joining thread
[2.631s] INFO:colcon.colcon_core.plugin_system:Skipping extension 'colcon_notification.desktop_notification.terminal_notifier': Not used on non-Darwin systems
[2.631s] INFO:colcon.colcon_core.plugin_system:Skipping extension 'colcon_notification.desktop_notification.win32': Not used on non-Windows systems
[2.631s] INFO:colcon.colcon_notification.desktop_notification:Sending desktop notification using 'notify2'
[2.652s] DEBUG:colcon.colcon_core.event_reactor:joined thread
[2.652s] INFO:colcon.colcon_core.shell:Creating prefix script '/home/aryan/ros2_ws/install/local_setup.ps1'
[2.654s] INFO:colcon.colcon_core.shell:Creating prefix util module '/home/aryan/ros2_ws/install/_local_setup_util_ps1.py'
[2.655s] INFO:colcon.colcon_core.shell:Creating prefix chain script '/home/aryan/ros2_ws/install/setup.ps1'
[2.656s] INFO:colcon.colcon_core.shell:Creating prefix script '/home/aryan/ros2_ws/install/local_setup.sh'
[2.657s] INFO:colcon.colcon_core.shell:Creating prefix util module '/home/aryan/ros2_ws/install/_local_setup_util_sh.py'
[2.658s] INFO:colcon.colcon_core.shell:Creating prefix chain script '/home/aryan/ros2_ws/install/setup.sh'
[2.660s] INFO:colcon.colcon_core.shell:Creating prefix script '/home/aryan/ros2_ws/install/local_setup.bash'
[2.661s] INFO:colcon.colcon_core.shell:Creating prefix chain script '/home/aryan/ros2_ws/install/setup.bash'
[2.662s] INFO:colcon.colcon_core.shell:Creating prefix script '/home/aryan/ros2_ws/install/local_setup.zsh'
[2.663s] INFO:colcon.colcon_core.shell:Creating prefix chain script '/home/aryan/ros2_ws/install/setup.zsh'
