/home/aryan/ros2_ws/install/my_robot_controller/lib/python3.12/site-packages/my_robot_controller/turtle_controller.py
/home/aryan/ros2_ws/install/my_robot_controller/lib/python3.12/site-packages/my_robot_controller/pose_subscriber.py
/home/aryan/ros2_ws/install/my_robot_controller/lib/python3.12/site-packages/my_robot_controller/__init__.py
/home/aryan/ros2_ws/install/my_robot_controller/lib/python3.12/site-packages/my_robot_controller/draw_circle.py
/home/aryan/ros2_ws/install/my_robot_controller/lib/python3.12/site-packages/my_robot_controller/hello_world.py
/home/aryan/ros2_ws/install/my_robot_controller/lib/python3.12/site-packages/my_robot_controller/__pycache__/turtle_controller.cpython-312.pyc
/home/aryan/ros2_ws/install/my_robot_controller/lib/python3.12/site-packages/my_robot_controller/__pycache__/pose_subscriber.cpython-312.pyc
/home/aryan/ros2_ws/install/my_robot_controller/lib/python3.12/site-packages/my_robot_controller/__pycache__/__init__.cpython-312.pyc
/home/aryan/ros2_ws/install/my_robot_controller/lib/python3.12/site-packages/my_robot_controller/__pycache__/draw_circle.cpython-312.pyc
/home/aryan/ros2_ws/install/my_robot_controller/lib/python3.12/site-packages/my_robot_controller/__pycache__/hello_world.cpython-312.pyc
/home/aryan/ros2_ws/install/my_robot_controller/share/ament_index/resource_index/packages/my_robot_controller
/home/aryan/ros2_ws/install/my_robot_controller/share/my_robot_controller/package.xml
/home/aryan/ros2_ws/install/my_robot_controller/lib/python3.12/site-packages/my_robot_controller-0.0.0-py3.12.egg-info/dependency_links.txt
/home/aryan/ros2_ws/install/my_robot_controller/lib/python3.12/site-packages/my_robot_controller-0.0.0-py3.12.egg-info/top_level.txt
/home/aryan/ros2_ws/install/my_robot_controller/lib/python3.12/site-packages/my_robot_controller-0.0.0-py3.12.egg-info/zip-safe
/home/aryan/ros2_ws/install/my_robot_controller/lib/python3.12/site-packages/my_robot_controller-0.0.0-py3.12.egg-info/PKG-INFO
/home/aryan/ros2_ws/install/my_robot_controller/lib/python3.12/site-packages/my_robot_controller-0.0.0-py3.12.egg-info/entry_points.txt
/home/aryan/ros2_ws/install/my_robot_controller/lib/python3.12/site-packages/my_robot_controller-0.0.0-py3.12.egg-info/SOURCES.txt
/home/aryan/ros2_ws/install/my_robot_controller/lib/python3.12/site-packages/my_robot_controller-0.0.0-py3.12.egg-info/requires.txt
/home/aryan/ros2_ws/install/my_robot_controller/lib/my_robot_controller/draw_circle
/home/aryan/ros2_ws/install/my_robot_controller/lib/my_robot_controller/hello_world
/home/aryan/ros2_ws/install/my_robot_controller/lib/my_robot_controller/pose_subsciber
/home/aryan/ros2_ws/install/my_robot_controller/lib/my_robot_controller/turtle_controller
