[0.996s] Invoking command in '/home/aryan/ros2_ws/src/my_robot_controller': DEBUGINFOD_URLS=https://debuginfod.ubuntu.com PYTHONPATH=/home/aryan/ros2_ws/build/my_robot_controller/prefix_override:/usr/lib/python3/dist-packages/colcon_core/task/python/colcon_distutils_commands:/home/aryan/ros2_ws/install/my_robot_controller/lib/python3.12/site-packages:${PYTHONPATH} /usr/bin/python3 -W ignore:setup.py install is deprecated -W ignore:easy_install command is deprecated setup.py egg_info --egg-base ../../build/my_robot_controller build --build-base /home/aryan/ros2_ws/build/my_robot_controller/build install --record /home/aryan/ros2_ws/build/my_robot_controller/install.log --single-version-externally-managed install_data
[1.323s] running egg_info
[1.346s] writing ../../build/my_robot_controller/my_robot_controller.egg-info/PKG-INFO
[1.346s] writing dependency_links to ../../build/my_robot_controller/my_robot_controller.egg-info/dependency_links.txt
[1.347s] writing entry points to ../../build/my_robot_controller/my_robot_controller.egg-info/entry_points.txt
[1.347s] writing requirements to ../../build/my_robot_controller/my_robot_controller.egg-info/requires.txt
[1.347s] writing top-level names to ../../build/my_robot_controller/my_robot_controller.egg-info/top_level.txt
[1.392s] reading manifest file '../../build/my_robot_controller/my_robot_controller.egg-info/SOURCES.txt'
[1.393s] writing manifest file '../../build/my_robot_controller/my_robot_controller.egg-info/SOURCES.txt'
[1.393s] running build
[1.393s] running build_py
[1.393s] copying my_robot_controller/hello_world.py -> /home/aryan/ros2_ws/build/my_robot_controller/build/lib/my_robot_controller
[1.393s] running install
[1.400s] running install_lib
[1.423s] copying /home/aryan/ros2_ws/build/my_robot_controller/build/lib/my_robot_controller/hello_world.py -> /home/aryan/ros2_ws/install/my_robot_controller/lib/python3.12/site-packages/my_robot_controller
[1.424s] byte-compiling /home/aryan/ros2_ws/install/my_robot_controller/lib/python3.12/site-packages/my_robot_controller/hello_world.py to hello_world.cpython-312.pyc
[1.425s] running install_data
[1.425s] running install_egg_info
[1.450s] removing '/home/aryan/ros2_ws/install/my_robot_controller/lib/python3.12/site-packages/my_robot_controller-0.0.0-py3.12.egg-info' (and everything under it)
[1.450s] Copying ../../build/my_robot_controller/my_robot_controller.egg-info to /home/aryan/ros2_ws/install/my_robot_controller/lib/python3.12/site-packages/my_robot_controller-0.0.0-py3.12.egg-info
[1.451s] running install_scripts
[1.608s] Installing hello_world script to /home/aryan/ros2_ws/install/my_robot_controller/lib/my_robot_controller
[1.609s] writing list of installed files to '/home/aryan/ros2_ws/build/my_robot_controller/install.log'
[1.642s] Invoked command in '/home/aryan/ros2_ws/src/my_robot_controller' returned '0': DEBUGINFOD_URLS=https://debuginfod.ubuntu.com PYTHONPATH=/home/aryan/ros2_ws/build/my_robot_controller/prefix_override:/usr/lib/python3/dist-packages/colcon_core/task/python/colcon_distutils_commands:/home/aryan/ros2_ws/install/my_robot_controller/lib/python3.12/site-packages:${PYTHONPATH} /usr/bin/python3 -W ignore:setup.py install is deprecated -W ignore:easy_install command is deprecated setup.py egg_info --egg-base ../../build/my_robot_controller build --build-base /home/aryan/ros2_ws/build/my_robot_controller/build install --record /home/aryan/ros2_ws/build/my_robot_controller/install.log --single-version-externally-managed install_data
