[1.139s] Invoking command in '/home/aryan/ros2_ws/src/my_robot_controller': DEBUGINFOD_URLS=https://debuginfod.ubuntu.com PYTHONPATH=/home/aryan/ros2_ws/build/my_robot_controller/prefix_override:/usr/lib/python3/dist-packages/colcon_core/task/python/colcon_distutils_commands:/home/aryan/ros2_ws/install/my_robot_controller/lib/python3.12/site-packages:${PYTHONPATH} /usr/bin/python3 -W ignore:setup.py install is deprecated -W ignore:easy_install command is deprecated setup.py egg_info --egg-base ../../build/my_robot_controller build --build-base /home/aryan/ros2_ws/build/my_robot_controller/build install --record /home/aryan/ros2_ws/build/my_robot_controller/install.log --single-version-externally-managed install_data
[1.505s] running egg_info
[1.533s] writing ../../build/my_robot_controller/my_robot_controller.egg-info/PKG-INFO
[1.533s] writing dependency_links to ../../build/my_robot_controller/my_robot_controller.egg-info/dependency_links.txt
[1.534s] writing entry points to ../../build/my_robot_controller/my_robot_controller.egg-info/entry_points.txt
[1.534s] writing requirements to ../../build/my_robot_controller/my_robot_controller.egg-info/requires.txt
[1.534s] writing top-level names to ../../build/my_robot_controller/my_robot_controller.egg-info/top_level.txt
[1.588s] reading manifest file '../../build/my_robot_controller/my_robot_controller.egg-info/SOURCES.txt'
[1.590s] writing manifest file '../../build/my_robot_controller/my_robot_controller.egg-info/SOURCES.txt'
[1.590s] running build
[1.590s] running build_py
[1.590s] copying my_robot_controller/turtle_controller.py -> /home/aryan/ros2_ws/build/my_robot_controller/build/lib/my_robot_controller
[1.591s] running install
[1.599s] running install_lib
[1.625s] copying /home/aryan/ros2_ws/build/my_robot_controller/build/lib/my_robot_controller/turtle_controller.py -> /home/aryan/ros2_ws/install/my_robot_controller/lib/python3.12/site-packages/my_robot_controller
[1.626s] byte-compiling /home/aryan/ros2_ws/install/my_robot_controller/lib/python3.12/site-packages/my_robot_controller/turtle_controller.py to turtle_controller.cpython-312.pyc
[1.627s] running install_data
[1.627s] running install_egg_info
[1.654s] removing '/home/aryan/ros2_ws/install/my_robot_controller/lib/python3.12/site-packages/my_robot_controller-0.0.0-py3.12.egg-info' (and everything under it)
[1.655s] Copying ../../build/my_robot_controller/my_robot_controller.egg-info to /home/aryan/ros2_ws/install/my_robot_controller/lib/python3.12/site-packages/my_robot_controller-0.0.0-py3.12.egg-info
[1.656s] running install_scripts
[1.834s] Installing draw_circle script to /home/aryan/ros2_ws/install/my_robot_controller/lib/my_robot_controller
[1.834s] Installing hello_world script to /home/aryan/ros2_ws/install/my_robot_controller/lib/my_robot_controller
[1.834s] Installing pose_subsciber script to /home/aryan/ros2_ws/install/my_robot_controller/lib/my_robot_controller
[1.834s] Installing turtle_controller script to /home/aryan/ros2_ws/install/my_robot_controller/lib/my_robot_controller
[1.835s] writing list of installed files to '/home/aryan/ros2_ws/build/my_robot_controller/install.log'
[1.871s] Invoked command in '/home/aryan/ros2_ws/src/my_robot_controller' returned '0': DEBUGINFOD_URLS=https://debuginfod.ubuntu.com PYTHONPATH=/home/aryan/ros2_ws/build/my_robot_controller/prefix_override:/usr/lib/python3/dist-packages/colcon_core/task/python/colcon_distutils_commands:/home/aryan/ros2_ws/install/my_robot_controller/lib/python3.12/site-packages:${PYTHONPATH} /usr/bin/python3 -W ignore:setup.py install is deprecated -W ignore:easy_install command is deprecated setup.py egg_info --egg-base ../../build/my_robot_controller build --build-base /home/aryan/ros2_ws/build/my_robot_controller/build install --record /home/aryan/ros2_ws/build/my_robot_controller/install.log --single-version-externally-managed install_data
