running egg_info
creating ../../build/ed/ed.egg-info
writing ../../build/ed/ed.egg-info/PKG-INFO
writing dependency_links to ../../build/ed/ed.egg-info/dependency_links.txt
writing requirements to ../../build/ed/ed.egg-info/requires.txt
writing top-level names to ../../build/ed/ed.egg-info/top_level.txt
writing manifest file '../../build/ed/ed.egg-info/SOURCES.txt'
reading manifest file '../../build/ed/ed.egg-info/SOURCES.txt'
writing manifest file '../../build/ed/ed.egg-info/SOURCES.txt'
running build
running build_py
creating /home/aryan/ros2_ws/build/ed/build
creating /home/aryan/ros2_ws/build/ed/build/lib
creating /home/aryan/ros2_ws/build/ed/build/lib/ed
copying ed/__init__.py -> /home/aryan/ros2_ws/build/ed/build/lib/ed
running install
running install_lib
creating /home/aryan/ros2_ws/install/ed/lib/python3.12/site-packages/ed
copying /home/aryan/ros2_ws/build/ed/build/lib/ed/__init__.py -> /home/aryan/ros2_ws/install/ed/lib/python3.12/site-packages/ed
byte-compiling /home/aryan/ros2_ws/install/ed/lib/python3.12/site-packages/ed/__init__.py to __init__.cpython-312.pyc
running install_data
creating /home/aryan/ros2_ws/install/ed/share/ament_index
creating /home/aryan/ros2_ws/install/ed/share/ament_index/resource_index
creating /home/aryan/ros2_ws/install/ed/share/ament_index/resource_index/packages
copying resource/ed -> /home/aryan/ros2_ws/install/ed/share/ament_index/resource_index/packages
copying package.xml -> /home/aryan/ros2_ws/install/ed/share/ed
running install_egg_info
Copying ../../build/ed/ed.egg-info to /home/aryan/ros2_ws/install/ed/lib/python3.12/site-packages/ed-0.0.0-py3.12.egg-info
running install_scripts
writing list of installed files to '/home/aryan/ros2_ws/build/ed/install.log'
