[1.410s] Invoking command in '/home/aryan/ros2_ws/src/ed': DEBUGINFOD_URLS=https://debuginfod.ubuntu.com PYTHONPATH=/home/aryan/ros2_ws/build/ed/prefix_override:/usr/lib/python3/dist-packages/colcon_core/task/python/colcon_distutils_commands:/home/aryan/ros2_ws/install/ed/lib/python3.12/site-packages:${PYTHONPATH} /usr/bin/python3 -W ignore:setup.py install is deprecated -W ignore:easy_install command is deprecated setup.py egg_info --egg-base ../../build/ed build --build-base /home/aryan/ros2_ws/build/ed/build install --record /home/aryan/ros2_ws/build/ed/install.log --single-version-externally-managed install_data
[1.839s] running egg_info
[1.840s] creating ../../build/ed/ed.egg-info
[1.886s] writing ../../build/ed/ed.egg-info/PKG-INFO
[1.886s] writing dependency_links to ../../build/ed/ed.egg-info/dependency_links.txt
[1.886s] writing requirements to ../../build/ed/ed.egg-info/requires.txt
[1.887s] writing top-level names to ../../build/ed/ed.egg-info/top_level.txt
[1.887s] writing manifest file '../../build/ed/ed.egg-info/SOURCES.txt'
[1.952s] reading manifest file '../../build/ed/ed.egg-info/SOURCES.txt'
[1.953s] writing manifest file '../../build/ed/ed.egg-info/SOURCES.txt'
[1.953s] running build
[1.954s] running build_py
[1.954s] creating /home/aryan/ros2_ws/build/ed/build
[1.954s] creating /home/aryan/ros2_ws/build/ed/build/lib
[1.954s] creating /home/aryan/ros2_ws/build/ed/build/lib/ed
[1.954s] copying ed/__init__.py -> /home/aryan/ros2_ws/build/ed/build/lib/ed
[1.954s] running install
[1.963s] running install_lib
[1.991s] creating /home/aryan/ros2_ws/install/ed/lib/python3.12/site-packages/ed
[1.991s] copying /home/aryan/ros2_ws/build/ed/build/lib/ed/__init__.py -> /home/aryan/ros2_ws/install/ed/lib/python3.12/site-packages/ed
[1.992s] byte-compiling /home/aryan/ros2_ws/install/ed/lib/python3.12/site-packages/ed/__init__.py to __init__.cpython-312.pyc
[1.992s] running install_data
[1.992s] creating /home/aryan/ros2_ws/install/ed/share/ament_index
[1.992s] creating /home/aryan/ros2_ws/install/ed/share/ament_index/resource_index
[1.992s] creating /home/aryan/ros2_ws/install/ed/share/ament_index/resource_index/packages
[1.993s] copying resource/ed -> /home/aryan/ros2_ws/install/ed/share/ament_index/resource_index/packages
[1.993s] copying package.xml -> /home/aryan/ros2_ws/install/ed/share/ed
[1.993s] running install_egg_info
[2.030s] Copying ../../build/ed/ed.egg-info to /home/aryan/ros2_ws/install/ed/lib/python3.12/site-packages/ed-0.0.0-py3.12.egg-info
[2.031s] running install_scripts
[2.249s] writing list of installed files to '/home/aryan/ros2_ws/build/ed/install.log'
[2.290s] Invoked command in '/home/aryan/ros2_ws/src/ed' returned '0': DEBUGINFOD_URLS=https://debuginfod.ubuntu.com PYTHONPATH=/home/aryan/ros2_ws/build/ed/prefix_override:/usr/lib/python3/dist-packages/colcon_core/task/python/colcon_distutils_commands:/home/aryan/ros2_ws/install/ed/lib/python3.12/site-packages:${PYTHONPATH} /usr/bin/python3 -W ignore:setup.py install is deprecated -W ignore:easy_install command is deprecated setup.py egg_info --egg-base ../../build/ed build --build-base /home/aryan/ros2_ws/build/ed/build install --record /home/aryan/ros2_ws/build/ed/install.log --single-version-externally-managed install_data
