[0.963s] Invoking command in '/home/aryan/ros2_ws/src/my_robot_controller': DEBUGINFOD_URLS=https://debuginfod.ubuntu.com PYTHONPATH=/home/aryan/ros2_ws/build/my_robot_controller/prefix_override:/usr/lib/python3/dist-packages/colcon_core/task/python/colcon_distutils_commands:/home/aryan/ros2_ws/install/my_robot_controller/lib/python3.12/site-packages:${PYTHONPATH} /usr/bin/python3 -W ignore:setup.py install is deprecated -W ignore:easy_install command is deprecated setup.py egg_info --egg-base ../../build/my_robot_controller build --build-base /home/aryan/ros2_ws/build/my_robot_controller/build install --record /home/aryan/ros2_ws/build/my_robot_controller/install.log --single-version-externally-managed install_data
[1.280s] running egg_info
[1.280s] creating ../../build/my_robot_controller/my_robot_controller.egg-info
[1.305s] writing ../../build/my_robot_controller/my_robot_controller.egg-info/PKG-INFO
[1.305s] writing dependency_links to ../../build/my_robot_controller/my_robot_controller.egg-info/dependency_links.txt
[1.305s] writing entry points to ../../build/my_robot_controller/my_robot_controller.egg-info/entry_points.txt
[1.305s] writing requirements to ../../build/my_robot_controller/my_robot_controller.egg-info/requires.txt
[1.306s] writing top-level names to ../../build/my_robot_controller/my_robot_controller.egg-info/top_level.txt
[1.306s] writing manifest file '../../build/my_robot_controller/my_robot_controller.egg-info/SOURCES.txt'
[1.353s] reading manifest file '../../build/my_robot_controller/my_robot_controller.egg-info/SOURCES.txt'
[1.354s] writing manifest file '../../build/my_robot_controller/my_robot_controller.egg-info/SOURCES.txt'
[1.354s] running build
[1.354s] running build_py
[1.354s] creating /home/aryan/ros2_ws/build/my_robot_controller/build
[1.355s] creating /home/aryan/ros2_ws/build/my_robot_controller/build/lib
[1.355s] creating /home/aryan/ros2_ws/build/my_robot_controller/build/lib/my_robot_controller
[1.355s] copying my_robot_controller/__init__.py -> /home/aryan/ros2_ws/build/my_robot_controller/build/lib/my_robot_controller
[1.355s] copying my_robot_controller/hello_world.py -> /home/aryan/ros2_ws/build/my_robot_controller/build/lib/my_robot_controller
[1.355s] running install
[1.362s] running install_lib
[1.386s] creating /home/aryan/ros2_ws/install/my_robot_controller/lib/python3.12/site-packages/my_robot_controller
[1.387s] copying /home/aryan/ros2_ws/build/my_robot_controller/build/lib/my_robot_controller/__init__.py -> /home/aryan/ros2_ws/install/my_robot_controller/lib/python3.12/site-packages/my_robot_controller
[1.387s] copying /home/aryan/ros2_ws/build/my_robot_controller/build/lib/my_robot_controller/hello_world.py -> /home/aryan/ros2_ws/install/my_robot_controller/lib/python3.12/site-packages/my_robot_controller
[1.387s] byte-compiling /home/aryan/ros2_ws/install/my_robot_controller/lib/python3.12/site-packages/my_robot_controller/__init__.py to __init__.cpython-312.pyc
[1.387s] byte-compiling /home/aryan/ros2_ws/install/my_robot_controller/lib/python3.12/site-packages/my_robot_controller/hello_world.py to hello_world.cpython-312.pyc
[1.388s] running install_data
[1.388s] creating /home/aryan/ros2_ws/install/my_robot_controller/share/ament_index
[1.388s] creating /home/aryan/ros2_ws/install/my_robot_controller/share/ament_index/resource_index
[1.388s] creating /home/aryan/ros2_ws/install/my_robot_controller/share/ament_index/resource_index/packages
[1.388s] copying resource/my_robot_controller -> /home/aryan/ros2_ws/install/my_robot_controller/share/ament_index/resource_index/packages
[1.389s] copying package.xml -> /home/aryan/ros2_ws/install/my_robot_controller/share/my_robot_controller
[1.389s] running install_egg_info
[1.415s] Copying ../../build/my_robot_controller/my_robot_controller.egg-info to /home/aryan/ros2_ws/install/my_robot_controller/lib/python3.12/site-packages/my_robot_controller-0.0.0-py3.12.egg-info
[1.416s] running install_scripts
[1.575s] Installing hello_world script to /home/aryan/ros2_ws/install/my_robot_controller/lib/my_robot_controller
[1.575s] writing list of installed files to '/home/aryan/ros2_ws/build/my_robot_controller/install.log'
[1.607s] Invoked command in '/home/aryan/ros2_ws/src/my_robot_controller' returned '0': DEBUGINFOD_URLS=https://debuginfod.ubuntu.com PYTHONPATH=/home/aryan/ros2_ws/build/my_robot_controller/prefix_override:/usr/lib/python3/dist-packages/colcon_core/task/python/colcon_distutils_commands:/home/aryan/ros2_ws/install/my_robot_controller/lib/python3.12/site-packages:${PYTHONPATH} /usr/bin/python3 -W ignore:setup.py install is deprecated -W ignore:easy_install command is deprecated setup.py egg_info --egg-base ../../build/my_robot_controller build --build-base /home/aryan/ros2_ws/build/my_robot_controller/build install --record /home/aryan/ros2_ws/build/my_robot_controller/install.log --single-version-externally-managed install_data
